# JRE version: Java(TM) SE Runtime Environment 18.9 (11.0.12+8) (build 11.0.12+8-LTS-237)
# Java VM: Java HotSpot(TM) 64-Bit Server VM 18.9 (11.0.12+8-LTS-237, mixed mode, tiered, compressed oops, g1 gc, windows-amd64)
Heap:
 garbage-first heap   total 95232K, used 19850K [0x00000000c0800000, 0x0000000100000000)
  region size 1024K, 6 young (6144K), 6 survivors (6144K)
 Metaspace       used 33969K, capacity 34665K, committed 34944K, reserved 1081344K
  class space    used 3638K, capacity 3913K, committed 3968K, reserved 1048576K
GC Heap History (10 events):
Event: 6.311 GC heap after
{Heap after GC invocations=5 (full 0):
 garbage-first heap   total 78848K, used 6104K [0x00000000c0800000, 0x0000000100000000)
  region size 1024K, 4 young (4096K), 4 survivors (4096K)
 Metaspace       used 19860K, capacity 20311K, committed 20480K, reserved 1067008K
  class space    used 2136K, capacity 2281K, committed 2304K, reserved 1048576K
}
Event: 7.633 GC heap before
{Heap before GC invocations=5 (full 0):
 garbage-first heap   total 78848K, used 17368K [0x00000000c0800000, 0x0000000100000000)
  region size 1024K, 16 young (16384K), 4 survivors (4096K)
 Metaspace       used 20600K, capacity 21024K, committed 21248K, reserved 1069056K
  class space    used 2189K, capacity 2284K, committed 2304K, reserved 1048576K
}
Event: 7.655 GC heap after
{Heap after GC invocations=6 (full 0):
 garbage-first heap   total 78848K, used 7480K [0x00000000c0800000, 0x0000000100000000)
  region size 1024K, 4 young (4096K), 4 survivors (4096K)
 Metaspace       used 20600K, capacity 21024K, committed 21248K, reserved 1069056K
  class space    used 2189K, capacity 2284K, committed 2304K, reserved 1048576K
}
Event: 12.164 GC heap before
{Heap before GC invocations=7 (full 0):
 garbage-first heap   total 78848K, used 40248K [0x00000000c0800000, 0x0000000100000000)
  region size 1024K, 36 young (36864K), 4 survivors (4096K)
 Metaspace       used 21306K, capacity 21702K, committed 21888K, reserved 1069056K
  class space    used 2216K, capacity 2317K, committed 2432K, reserved 1048576K
}
Event: 12.186 GC heap after
{Heap after GC invocations=8 (full 0):
 garbage-first heap   total 78848K, used 9028K [0x00000000c0800000, 0x0000000100000000)
  region size 1024K, 3 young (3072K), 3 survivors (3072K)
 Metaspace       used 21306K, capacity 21702K, committed 21888K, reserved 1069056K
  class space    used 2216K, capacity 2317K, committed 2432K, reserved 1048576K
}
Event: 16.276 GC heap before
{Heap before GC invocations=8 (full 0):
 garbage-first heap   total 78848K, used 44868K [0x00000000c0800000, 0x0000000100000000)
  region size 1024K, 38 young (38912K), 3 survivors (3072K)
 Metaspace       used 23039K, capacity 23574K, committed 23680K, reserved 1071104K
  class space    used 2448K, capacity 2621K, committed 2688K, reserved 1048576K
}
Event: 16.293 GC heap after
{Heap after GC invocations=9 (full 0):
 garbage-first heap   total 78848K, used 10810K [0x00000000c0800000, 0x0000000100000000)
  region size 1024K, 4 young (4096K), 4 survivors (4096K)
 Metaspace       used 23039K, capacity 23574K, committed 23680K, reserved 1071104K
  class space    used 2448K, capacity 2621K, committed 2688K, reserved 1048576K
}
Event: 25.821 GC heap before
{Heap before GC invocations=9 (full 0):
 garbage-first heap   total 78848K, used 47674K [0x00000000c0800000, 0x0000000100000000)
  region size 1024K, 40 young (40960K), 4 survivors (4096K)
 Metaspace       used 31746K, capacity 32431K, committed 32768K, reserved 1079296K
  class space    used 3462K, capacity 3731K, committed 3840K, reserved 1048576K
}
Event: 25.852 GC heap after
{Heap after GC invocations=10 (full 0):
 garbage-first heap   total 78848K, used 14599K [0x00000000c0800000, 0x0000000100000000)
  region size 1024K, 5 young (5120K), 5 survivors (5120K)
 Metaspace       used 31746K, capacity 32431K, committed 32768K, reserved 1079296K
  class space    used 3462K, capacity 3731K, committed 3840K, reserved 1048576K
}
Event: 32.285 GC heap before
{Heap before GC invocations=10 (full 0):
 garbage-first heap   total 78848K, used 51463K [0x00000000c0800000, 0x0000000100000000)
  region size 1024K, 41 young (41984K), 5 survivors (5120K)
 Metaspace       used 33969K, capacity 34665K, committed 34944K, reserved 1081344K
  class space    used 3638K, capacity 3913K, committed 3968K, reserved 1048576K
}

